Detecting C OpenMP failed with the following output:
Change Dir: /Users/dmanc/Projects/anime-tiddies/build/CMakeFiles/CMakeTmp

Run Build Command:"/usr/bin/make" "cmTC_40663/fast"
/Applications/Xcode.app/Contents/Developer/usr/bin/make -f CMakeFiles/cmTC_40663.dir/build.make CMakeFiles/cmTC_40663.dir/build
Building C object CMakeFiles/cmTC_40663.dir/OpenMPTryFlag.c.o
/Applications/Xcode.app/Contents/Developer/Toolchains/XcodeDefault.xctoolchain/usr/bin/cc   -fopenmp=libomp -v   -o CMakeFiles/cmTC_40663.dir/OpenMPTryFlag.c.o   -c /Users/dmanc/Projects/anime-tiddies/build/CMakeFiles/FindOpenMP/OpenMPTryFlag.c
Apple LLVM version 10.0.0 (clang-1000.11.45.5)
Target: x86_64-apple-darwin18.2.0
Thread model: posix
InstalledDir: /Applications/Xcode.app/Contents/Developer/Toolchains/XcodeDefault.xctoolchain/usr/bin
clang: error: unsupported argument 'libomp' to option 'fopenmp='
make[1]: *** [CMakeFiles/cmTC_40663.dir/OpenMPTryFlag.c.o] Error 1
make: *** [cmTC_40663/fast] Error 2


Detecting C OpenMP failed with the following output:
Change Dir: /Users/dmanc/Projects/anime-tiddies/build/CMakeFiles/CMakeTmp

Run Build Command:"/usr/bin/make" "cmTC_e11b0/fast"
/Applications/Xcode.app/Contents/Developer/usr/bin/make -f CMakeFiles/cmTC_e11b0.dir/build.make CMakeFiles/cmTC_e11b0.dir/build
Building C object CMakeFiles/cmTC_e11b0.dir/OpenMPTryFlag.c.o
/Applications/Xcode.app/Contents/Developer/Toolchains/XcodeDefault.xctoolchain/usr/bin/cc   -fopenmp=libiomp5 -v   -o CMakeFiles/cmTC_e11b0.dir/OpenMPTryFlag.c.o   -c /Users/dmanc/Projects/anime-tiddies/build/CMakeFiles/FindOpenMP/OpenMPTryFlag.c
Apple LLVM version 10.0.0 (clang-1000.11.45.5)
Target: x86_64-apple-darwin18.2.0
Thread model: posix
InstalledDir: /Applications/Xcode.app/Contents/Developer/Toolchains/XcodeDefault.xctoolchain/usr/bin
clang: error: unsupported argument 'libiomp5' to option 'fopenmp='
make[1]: *** [CMakeFiles/cmTC_e11b0.dir/OpenMPTryFlag.c.o] Error 1
make: *** [cmTC_e11b0/fast] Error 2


Detecting C OpenMP failed with the following output:
Change Dir: /Users/dmanc/Projects/anime-tiddies/build/CMakeFiles/CMakeTmp

Run Build Command:"/usr/bin/make" "cmTC_05f8b/fast"
/Applications/Xcode.app/Contents/Developer/usr/bin/make -f CMakeFiles/cmTC_05f8b.dir/build.make CMakeFiles/cmTC_05f8b.dir/build
Building C object CMakeFiles/cmTC_05f8b.dir/OpenMPTryFlag.c.o
/Applications/Xcode.app/Contents/Developer/Toolchains/XcodeDefault.xctoolchain/usr/bin/cc   -fopenmp -v   -o CMakeFiles/cmTC_05f8b.dir/OpenMPTryFlag.c.o   -c /Users/dmanc/Projects/anime-tiddies/build/CMakeFiles/FindOpenMP/OpenMPTryFlag.c
Apple LLVM version 10.0.0 (clang-1000.11.45.5)
Target: x86_64-apple-darwin18.2.0
Thread model: posix
InstalledDir: /Applications/Xcode.app/Contents/Developer/Toolchains/XcodeDefault.xctoolchain/usr/bin
clang: error: unsupported option '-fopenmp'
make[1]: *** [CMakeFiles/cmTC_05f8b.dir/OpenMPTryFlag.c.o] Error 1
make: *** [cmTC_05f8b/fast] Error 2


Detecting CXX OpenMP failed with the following output:
Change Dir: /Users/dmanc/Projects/anime-tiddies/build/CMakeFiles/CMakeTmp

Run Build Command:"/usr/bin/make" "cmTC_89df8/fast"
/Applications/Xcode.app/Contents/Developer/usr/bin/make -f CMakeFiles/cmTC_89df8.dir/build.make CMakeFiles/cmTC_89df8.dir/build
Building CXX object CMakeFiles/cmTC_89df8.dir/OpenMPTryFlag.cpp.o
/Applications/Xcode.app/Contents/Developer/Toolchains/XcodeDefault.xctoolchain/usr/bin/c++    --std=c++14 -g -fopenmp=libomp -v   -o CMakeFiles/cmTC_89df8.dir/OpenMPTryFlag.cpp.o -c /Users/dmanc/Projects/anime-tiddies/build/CMakeFiles/FindOpenMP/OpenMPTryFlag.cpp
Apple LLVM version 10.0.0 (clang-1000.11.45.5)
Target: x86_64-apple-darwin18.2.0
Thread model: posix
InstalledDir: /Applications/Xcode.app/Contents/Developer/Toolchains/XcodeDefault.xctoolchain/usr/bin
clang: error: unsupported argument 'libomp' to option 'fopenmp='
make[1]: *** [CMakeFiles/cmTC_89df8.dir/OpenMPTryFlag.cpp.o] Error 1
make: *** [cmTC_89df8/fast] Error 2


Detecting CXX OpenMP failed with the following output:
Change Dir: /Users/dmanc/Projects/anime-tiddies/build/CMakeFiles/CMakeTmp

Run Build Command:"/usr/bin/make" "cmTC_7d1e6/fast"
/Applications/Xcode.app/Contents/Developer/usr/bin/make -f CMakeFiles/cmTC_7d1e6.dir/build.make CMakeFiles/cmTC_7d1e6.dir/build
Building CXX object CMakeFiles/cmTC_7d1e6.dir/OpenMPTryFlag.cpp.o
/Applications/Xcode.app/Contents/Developer/Toolchains/XcodeDefault.xctoolchain/usr/bin/c++    --std=c++14 -g -fopenmp=libiomp5 -v   -o CMakeFiles/cmTC_7d1e6.dir/OpenMPTryFlag.cpp.o -c /Users/dmanc/Projects/anime-tiddies/build/CMakeFiles/FindOpenMP/OpenMPTryFlag.cpp
Apple LLVM version 10.0.0 (clang-1000.11.45.5)
Target: x86_64-apple-darwin18.2.0
Thread model: posix
InstalledDir: /Applications/Xcode.app/Contents/Developer/Toolchains/XcodeDefault.xctoolchain/usr/bin
clang: error: unsupported argument 'libiomp5' to option 'fopenmp='
make[1]: *** [CMakeFiles/cmTC_7d1e6.dir/OpenMPTryFlag.cpp.o] Error 1
make: *** [cmTC_7d1e6/fast] Error 2


Detecting CXX OpenMP failed with the following output:
Change Dir: /Users/dmanc/Projects/anime-tiddies/build/CMakeFiles/CMakeTmp

Run Build Command:"/usr/bin/make" "cmTC_fe8c4/fast"
/Applications/Xcode.app/Contents/Developer/usr/bin/make -f CMakeFiles/cmTC_fe8c4.dir/build.make CMakeFiles/cmTC_fe8c4.dir/build
Building CXX object CMakeFiles/cmTC_fe8c4.dir/OpenMPTryFlag.cpp.o
/Applications/Xcode.app/Contents/Developer/Toolchains/XcodeDefault.xctoolchain/usr/bin/c++    --std=c++14 -g -fopenmp -v   -o CMakeFiles/cmTC_fe8c4.dir/OpenMPTryFlag.cpp.o -c /Users/dmanc/Projects/anime-tiddies/build/CMakeFiles/FindOpenMP/OpenMPTryFlag.cpp
Apple LLVM version 10.0.0 (clang-1000.11.45.5)
Target: x86_64-apple-darwin18.2.0
Thread model: posix
InstalledDir: /Applications/Xcode.app/Contents/Developer/Toolchains/XcodeDefault.xctoolchain/usr/bin
clang: error: unsupported option '-fopenmp'
make[1]: *** [CMakeFiles/cmTC_fe8c4.dir/OpenMPTryFlag.cpp.o] Error 1
make: *** [cmTC_fe8c4/fast] Error 2


Detecting C OpenMP failed with the following output:
Change Dir: /Users/dmanc/Projects/anime-tiddies/build/CMakeFiles/CMakeTmp

Run Build Command:"/usr/bin/make" "cmTC_fba25/fast"
/Applications/Xcode.app/Contents/Developer/usr/bin/make -f CMakeFiles/cmTC_fba25.dir/build.make CMakeFiles/cmTC_fba25.dir/build
Building C object CMakeFiles/cmTC_fba25.dir/OpenMPTryFlag.c.o
/Applications/Xcode.app/Contents/Developer/Toolchains/XcodeDefault.xctoolchain/usr/bin/cc   -fopenmp=libomp -v   -o CMakeFiles/cmTC_fba25.dir/OpenMPTryFlag.c.o   -c /Users/dmanc/Projects/anime-tiddies/build/CMakeFiles/FindOpenMP/OpenMPTryFlag.c
Apple LLVM version 10.0.1 (clang-1001.0.46.3)
Target: x86_64-apple-darwin18.5.0
Thread model: posix
InstalledDir: /Applications/Xcode.app/Contents/Developer/Toolchains/XcodeDefault.xctoolchain/usr/bin
clang: error: unsupported argument 'libomp' to option 'fopenmp='
make[1]: *** [CMakeFiles/cmTC_fba25.dir/OpenMPTryFlag.c.o] Error 1
make: *** [cmTC_fba25/fast] Error 2


Detecting C OpenMP failed with the following output:
Change Dir: /Users/dmanc/Projects/anime-tiddies/build/CMakeFiles/CMakeTmp

Run Build Command:"/usr/bin/make" "cmTC_a723f/fast"
/Applications/Xcode.app/Contents/Developer/usr/bin/make -f CMakeFiles/cmTC_a723f.dir/build.make CMakeFiles/cmTC_a723f.dir/build
Building C object CMakeFiles/cmTC_a723f.dir/OpenMPTryFlag.c.o
/Applications/Xcode.app/Contents/Developer/Toolchains/XcodeDefault.xctoolchain/usr/bin/cc   -fopenmp=libiomp5 -v   -o CMakeFiles/cmTC_a723f.dir/OpenMPTryFlag.c.o   -c /Users/dmanc/Projects/anime-tiddies/build/CMakeFiles/FindOpenMP/OpenMPTryFlag.c
Apple LLVM version 10.0.1 (clang-1001.0.46.3)
Target: x86_64-apple-darwin18.5.0
Thread model: posix
InstalledDir: /Applications/Xcode.app/Contents/Developer/Toolchains/XcodeDefault.xctoolchain/usr/bin
clang: error: unsupported argument 'libiomp5' to option 'fopenmp='
make[1]: *** [CMakeFiles/cmTC_a723f.dir/OpenMPTryFlag.c.o] Error 1
make: *** [cmTC_a723f/fast] Error 2


Detecting C OpenMP failed with the following output:
Change Dir: /Users/dmanc/Projects/anime-tiddies/build/CMakeFiles/CMakeTmp

Run Build Command:"/usr/bin/make" "cmTC_07928/fast"
/Applications/Xcode.app/Contents/Developer/usr/bin/make -f CMakeFiles/cmTC_07928.dir/build.make CMakeFiles/cmTC_07928.dir/build
Building C object CMakeFiles/cmTC_07928.dir/OpenMPTryFlag.c.o
/Applications/Xcode.app/Contents/Developer/Toolchains/XcodeDefault.xctoolchain/usr/bin/cc   -fopenmp -v   -o CMakeFiles/cmTC_07928.dir/OpenMPTryFlag.c.o   -c /Users/dmanc/Projects/anime-tiddies/build/CMakeFiles/FindOpenMP/OpenMPTryFlag.c
Apple LLVM version 10.0.1 (clang-1001.0.46.3)
Target: x86_64-apple-darwin18.5.0
Thread model: posix
InstalledDir: /Applications/Xcode.app/Contents/Developer/Toolchains/XcodeDefault.xctoolchain/usr/bin
clang: error: unsupported option '-fopenmp'
make[1]: *** [CMakeFiles/cmTC_07928.dir/OpenMPTryFlag.c.o] Error 1
make: *** [cmTC_07928/fast] Error 2


Detecting CXX OpenMP failed with the following output:
Change Dir: /Users/dmanc/Projects/anime-tiddies/build/CMakeFiles/CMakeTmp

Run Build Command:"/usr/bin/make" "cmTC_0c5f5/fast"
/Applications/Xcode.app/Contents/Developer/usr/bin/make -f CMakeFiles/cmTC_0c5f5.dir/build.make CMakeFiles/cmTC_0c5f5.dir/build
Building CXX object CMakeFiles/cmTC_0c5f5.dir/OpenMPTryFlag.cpp.o
/Applications/Xcode.app/Contents/Developer/Toolchains/XcodeDefault.xctoolchain/usr/bin/c++    --std=c++14 -g -fopenmp=libomp -v   -o CMakeFiles/cmTC_0c5f5.dir/OpenMPTryFlag.cpp.o -c /Users/dmanc/Projects/anime-tiddies/build/CMakeFiles/FindOpenMP/OpenMPTryFlag.cpp
Apple LLVM version 10.0.1 (clang-1001.0.46.3)
Target: x86_64-apple-darwin18.5.0
Thread model: posix
InstalledDir: /Applications/Xcode.app/Contents/Developer/Toolchains/XcodeDefault.xctoolchain/usr/bin
clang: error: unsupported argument 'libomp' to option 'fopenmp='
make[1]: *** [CMakeFiles/cmTC_0c5f5.dir/OpenMPTryFlag.cpp.o] Error 1
make: *** [cmTC_0c5f5/fast] Error 2


Detecting CXX OpenMP failed with the following output:
Change Dir: /Users/dmanc/Projects/anime-tiddies/build/CMakeFiles/CMakeTmp

Run Build Command:"/usr/bin/make" "cmTC_eeab6/fast"
/Applications/Xcode.app/Contents/Developer/usr/bin/make -f CMakeFiles/cmTC_eeab6.dir/build.make CMakeFiles/cmTC_eeab6.dir/build
Building CXX object CMakeFiles/cmTC_eeab6.dir/OpenMPTryFlag.cpp.o
/Applications/Xcode.app/Contents/Developer/Toolchains/XcodeDefault.xctoolchain/usr/bin/c++    --std=c++14 -g -fopenmp=libiomp5 -v   -o CMakeFiles/cmTC_eeab6.dir/OpenMPTryFlag.cpp.o -c /Users/dmanc/Projects/anime-tiddies/build/CMakeFiles/FindOpenMP/OpenMPTryFlag.cpp
Apple LLVM version 10.0.1 (clang-1001.0.46.3)
Target: x86_64-apple-darwin18.5.0
Thread model: posix
InstalledDir: /Applications/Xcode.app/Contents/Developer/Toolchains/XcodeDefault.xctoolchain/usr/bin
clang: error: unsupported argument 'libiomp5' to option 'fopenmp='
make[1]: *** [CMakeFiles/cmTC_eeab6.dir/OpenMPTryFlag.cpp.o] Error 1
make: *** [cmTC_eeab6/fast] Error 2


Detecting CXX OpenMP failed with the following output:
Change Dir: /Users/dmanc/Projects/anime-tiddies/build/CMakeFiles/CMakeTmp

Run Build Command:"/usr/bin/make" "cmTC_772df/fast"
/Applications/Xcode.app/Contents/Developer/usr/bin/make -f CMakeFiles/cmTC_772df.dir/build.make CMakeFiles/cmTC_772df.dir/build
Building CXX object CMakeFiles/cmTC_772df.dir/OpenMPTryFlag.cpp.o
/Applications/Xcode.app/Contents/Developer/Toolchains/XcodeDefault.xctoolchain/usr/bin/c++    --std=c++14 -g -fopenmp -v   -o CMakeFiles/cmTC_772df.dir/OpenMPTryFlag.cpp.o -c /Users/dmanc/Projects/anime-tiddies/build/CMakeFiles/FindOpenMP/OpenMPTryFlag.cpp
Apple LLVM version 10.0.1 (clang-1001.0.46.3)
Target: x86_64-apple-darwin18.5.0
Thread model: posix
InstalledDir: /Applications/Xcode.app/Contents/Developer/Toolchains/XcodeDefault.xctoolchain/usr/bin
clang: error: unsupported option '-fopenmp'
make[1]: *** [CMakeFiles/cmTC_772df.dir/OpenMPTryFlag.cpp.o] Error 1
make: *** [cmTC_772df/fast] Error 2


Detecting C OpenMP failed with the following output:
Change Dir: /Users/dmanc/Projects/anime-tiddies/build/CMakeFiles/CMakeTmp

Run Build Command:"/usr/bin/make" "cmTC_16b44/fast"
/Applications/Xcode.app/Contents/Developer/usr/bin/make -f CMakeFiles/cmTC_16b44.dir/build.make CMakeFiles/cmTC_16b44.dir/build
Building C object CMakeFiles/cmTC_16b44.dir/OpenMPTryFlag.c.o
/Applications/Xcode.app/Contents/Developer/Toolchains/XcodeDefault.xctoolchain/usr/bin/cc   -fopenmp=libomp -v -isysroot /Applications/Xcode.app/Contents/Developer/Platforms/MacOSX.platform/Developer/SDKs/MacOSX10.14.sdk   -o CMakeFiles/cmTC_16b44.dir/OpenMPTryFlag.c.o   -c /Users/dmanc/Projects/anime-tiddies/build/CMakeFiles/FindOpenMP/OpenMPTryFlag.c
Apple LLVM version 10.0.1 (clang-1001.0.46.3)
Target: x86_64-apple-darwin18.5.0
Thread model: posix
InstalledDir: /Applications/Xcode.app/Contents/Developer/Toolchains/XcodeDefault.xctoolchain/usr/bin
clang: error: unsupported argument 'libomp' to option 'fopenmp='
make[1]: *** [CMakeFiles/cmTC_16b44.dir/OpenMPTryFlag.c.o] Error 1
make: *** [cmTC_16b44/fast] Error 2


Detecting C OpenMP failed with the following output:
Change Dir: /Users/dmanc/Projects/anime-tiddies/build/CMakeFiles/CMakeTmp

Run Build Command:"/usr/bin/make" "cmTC_939b2/fast"
/Applications/Xcode.app/Contents/Developer/usr/bin/make -f CMakeFiles/cmTC_939b2.dir/build.make CMakeFiles/cmTC_939b2.dir/build
Building C object CMakeFiles/cmTC_939b2.dir/OpenMPTryFlag.c.o
/Applications/Xcode.app/Contents/Developer/Toolchains/XcodeDefault.xctoolchain/usr/bin/cc   -fopenmp=libiomp5 -v -isysroot /Applications/Xcode.app/Contents/Developer/Platforms/MacOSX.platform/Developer/SDKs/MacOSX10.14.sdk   -o CMakeFiles/cmTC_939b2.dir/OpenMPTryFlag.c.o   -c /Users/dmanc/Projects/anime-tiddies/build/CMakeFiles/FindOpenMP/OpenMPTryFlag.c
Apple LLVM version 10.0.1 (clang-1001.0.46.3)
Target: x86_64-apple-darwin18.5.0
Thread model: posix
InstalledDir: /Applications/Xcode.app/Contents/Developer/Toolchains/XcodeDefault.xctoolchain/usr/bin
clang: error: unsupported argument 'libiomp5' to option 'fopenmp='
make[1]: *** [CMakeFiles/cmTC_939b2.dir/OpenMPTryFlag.c.o] Error 1
make: *** [cmTC_939b2/fast] Error 2


Detecting C OpenMP failed with the following output:
Change Dir: /Users/dmanc/Projects/anime-tiddies/build/CMakeFiles/CMakeTmp

Run Build Command:"/usr/bin/make" "cmTC_75c0b/fast"
/Applications/Xcode.app/Contents/Developer/usr/bin/make -f CMakeFiles/cmTC_75c0b.dir/build.make CMakeFiles/cmTC_75c0b.dir/build
Building C object CMakeFiles/cmTC_75c0b.dir/OpenMPTryFlag.c.o
/Applications/Xcode.app/Contents/Developer/Toolchains/XcodeDefault.xctoolchain/usr/bin/cc   -fopenmp -v -isysroot /Applications/Xcode.app/Contents/Developer/Platforms/MacOSX.platform/Developer/SDKs/MacOSX10.14.sdk   -o CMakeFiles/cmTC_75c0b.dir/OpenMPTryFlag.c.o   -c /Users/dmanc/Projects/anime-tiddies/build/CMakeFiles/FindOpenMP/OpenMPTryFlag.c
Apple LLVM version 10.0.1 (clang-1001.0.46.3)
Target: x86_64-apple-darwin18.5.0
Thread model: posix
InstalledDir: /Applications/Xcode.app/Contents/Developer/Toolchains/XcodeDefault.xctoolchain/usr/bin
clang: error: unsupported option '-fopenmp'
make[1]: *** [CMakeFiles/cmTC_75c0b.dir/OpenMPTryFlag.c.o] Error 1
make: *** [cmTC_75c0b/fast] Error 2


Detecting CXX OpenMP failed with the following output:
Change Dir: /Users/dmanc/Projects/anime-tiddies/build/CMakeFiles/CMakeTmp

Run Build Command:"/usr/bin/make" "cmTC_b63ee/fast"
/Applications/Xcode.app/Contents/Developer/usr/bin/make -f CMakeFiles/cmTC_b63ee.dir/build.make CMakeFiles/cmTC_b63ee.dir/build
Building CXX object CMakeFiles/cmTC_b63ee.dir/OpenMPTryFlag.cpp.o
/Applications/Xcode.app/Contents/Developer/Toolchains/XcodeDefault.xctoolchain/usr/bin/c++    --std=c++14 -g -fopenmp=libomp -v -isysroot /Applications/Xcode.app/Contents/Developer/Platforms/MacOSX.platform/Developer/SDKs/MacOSX10.14.sdk   -o CMakeFiles/cmTC_b63ee.dir/OpenMPTryFlag.cpp.o -c /Users/dmanc/Projects/anime-tiddies/build/CMakeFiles/FindOpenMP/OpenMPTryFlag.cpp
Apple LLVM version 10.0.1 (clang-1001.0.46.3)
Target: x86_64-apple-darwin18.5.0
Thread model: posix
InstalledDir: /Applications/Xcode.app/Contents/Developer/Toolchains/XcodeDefault.xctoolchain/usr/bin
clang: error: unsupported argument 'libomp' to option 'fopenmp='
make[1]: *** [CMakeFiles/cmTC_b63ee.dir/OpenMPTryFlag.cpp.o] Error 1
make: *** [cmTC_b63ee/fast] Error 2


Detecting CXX OpenMP failed with the following output:
Change Dir: /Users/dmanc/Projects/anime-tiddies/build/CMakeFiles/CMakeTmp

Run Build Command:"/usr/bin/make" "cmTC_5f16f/fast"
/Applications/Xcode.app/Contents/Developer/usr/bin/make -f CMakeFiles/cmTC_5f16f.dir/build.make CMakeFiles/cmTC_5f16f.dir/build
Building CXX object CMakeFiles/cmTC_5f16f.dir/OpenMPTryFlag.cpp.o
/Applications/Xcode.app/Contents/Developer/Toolchains/XcodeDefault.xctoolchain/usr/bin/c++    --std=c++14 -g -fopenmp=libiomp5 -v -isysroot /Applications/Xcode.app/Contents/Developer/Platforms/MacOSX.platform/Developer/SDKs/MacOSX10.14.sdk   -o CMakeFiles/cmTC_5f16f.dir/OpenMPTryFlag.cpp.o -c /Users/dmanc/Projects/anime-tiddies/build/CMakeFiles/FindOpenMP/OpenMPTryFlag.cpp
Apple LLVM version 10.0.1 (clang-1001.0.46.3)
Target: x86_64-apple-darwin18.5.0
Thread model: posix
InstalledDir: /Applications/Xcode.app/Contents/Developer/Toolchains/XcodeDefault.xctoolchain/usr/bin
clang: error: unsupported argument 'libiomp5' to option 'fopenmp='
make[1]: *** [CMakeFiles/cmTC_5f16f.dir/OpenMPTryFlag.cpp.o] Error 1
make: *** [cmTC_5f16f/fast] Error 2


Detecting CXX OpenMP failed with the following output:
Change Dir: /Users/dmanc/Projects/anime-tiddies/build/CMakeFiles/CMakeTmp

Run Build Command:"/usr/bin/make" "cmTC_45ad8/fast"
/Applications/Xcode.app/Contents/Developer/usr/bin/make -f CMakeFiles/cmTC_45ad8.dir/build.make CMakeFiles/cmTC_45ad8.dir/build
Building CXX object CMakeFiles/cmTC_45ad8.dir/OpenMPTryFlag.cpp.o
/Applications/Xcode.app/Contents/Developer/Toolchains/XcodeDefault.xctoolchain/usr/bin/c++    --std=c++14 -g -fopenmp -v -isysroot /Applications/Xcode.app/Contents/Developer/Platforms/MacOSX.platform/Developer/SDKs/MacOSX10.14.sdk   -o CMakeFiles/cmTC_45ad8.dir/OpenMPTryFlag.cpp.o -c /Users/dmanc/Projects/anime-tiddies/build/CMakeFiles/FindOpenMP/OpenMPTryFlag.cpp
Apple LLVM version 10.0.1 (clang-1001.0.46.3)
Target: x86_64-apple-darwin18.5.0
Thread model: posix
InstalledDir: /Applications/Xcode.app/Contents/Developer/Toolchains/XcodeDefault.xctoolchain/usr/bin
clang: error: unsupported option '-fopenmp'
make[1]: *** [CMakeFiles/cmTC_45ad8.dir/OpenMPTryFlag.cpp.o] Error 1
make: *** [cmTC_45ad8/fast] Error 2


Detecting C OpenMP failed with the following output:
Change Dir: /Users/dmanc/Projects/anime-tiddies/build/CMakeFiles/CMakeTmp

Run Build Command:"/usr/bin/make" "cmTC_ede78/fast"
/Applications/Xcode.app/Contents/Developer/usr/bin/make -f CMakeFiles/cmTC_ede78.dir/build.make CMakeFiles/cmTC_ede78.dir/build
Building C object CMakeFiles/cmTC_ede78.dir/OpenMPTryFlag.c.o
/Applications/Xcode.app/Contents/Developer/Toolchains/XcodeDefault.xctoolchain/usr/bin/cc   -fopenmp=libomp -v -isysroot /Applications/Xcode.app/Contents/Developer/Platforms/MacOSX.platform/Developer/SDKs/MacOSX10.14.sdk   -o CMakeFiles/cmTC_ede78.dir/OpenMPTryFlag.c.o   -c /Users/dmanc/Projects/anime-tiddies/build/CMakeFiles/FindOpenMP/OpenMPTryFlag.c
Apple LLVM version 10.0.1 (clang-1001.0.46.3)
Target: x86_64-apple-darwin18.5.0
Thread model: posix
InstalledDir: /Applications/Xcode.app/Contents/Developer/Toolchains/XcodeDefault.xctoolchain/usr/bin
clang: error: unsupported argument 'libomp' to option 'fopenmp='
make[1]: *** [CMakeFiles/cmTC_ede78.dir/OpenMPTryFlag.c.o] Error 1
make: *** [cmTC_ede78/fast] Error 2


Detecting C OpenMP failed with the following output:
Change Dir: /Users/dmanc/Projects/anime-tiddies/build/CMakeFiles/CMakeTmp

Run Build Command:"/usr/bin/make" "cmTC_3a04d/fast"
/Applications/Xcode.app/Contents/Developer/usr/bin/make -f CMakeFiles/cmTC_3a04d.dir/build.make CMakeFiles/cmTC_3a04d.dir/build
Building C object CMakeFiles/cmTC_3a04d.dir/OpenMPTryFlag.c.o
/Applications/Xcode.app/Contents/Developer/Toolchains/XcodeDefault.xctoolchain/usr/bin/cc   -fopenmp=libiomp5 -v -isysroot /Applications/Xcode.app/Contents/Developer/Platforms/MacOSX.platform/Developer/SDKs/MacOSX10.14.sdk   -o CMakeFiles/cmTC_3a04d.dir/OpenMPTryFlag.c.o   -c /Users/dmanc/Projects/anime-tiddies/build/CMakeFiles/FindOpenMP/OpenMPTryFlag.c
Apple LLVM version 10.0.1 (clang-1001.0.46.3)
Target: x86_64-apple-darwin18.5.0
Thread model: posix
InstalledDir: /Applications/Xcode.app/Contents/Developer/Toolchains/XcodeDefault.xctoolchain/usr/bin
clang: error: unsupported argument 'libiomp5' to option 'fopenmp='
make[1]: *** [CMakeFiles/cmTC_3a04d.dir/OpenMPTryFlag.c.o] Error 1
make: *** [cmTC_3a04d/fast] Error 2


Detecting C OpenMP failed with the following output:
Change Dir: /Users/dmanc/Projects/anime-tiddies/build/CMakeFiles/CMakeTmp

Run Build Command:"/usr/bin/make" "cmTC_3c231/fast"
/Applications/Xcode.app/Contents/Developer/usr/bin/make -f CMakeFiles/cmTC_3c231.dir/build.make CMakeFiles/cmTC_3c231.dir/build
Building C object CMakeFiles/cmTC_3c231.dir/OpenMPTryFlag.c.o
/Applications/Xcode.app/Contents/Developer/Toolchains/XcodeDefault.xctoolchain/usr/bin/cc   -fopenmp -v -isysroot /Applications/Xcode.app/Contents/Developer/Platforms/MacOSX.platform/Developer/SDKs/MacOSX10.14.sdk   -o CMakeFiles/cmTC_3c231.dir/OpenMPTryFlag.c.o   -c /Users/dmanc/Projects/anime-tiddies/build/CMakeFiles/FindOpenMP/OpenMPTryFlag.c
Apple LLVM version 10.0.1 (clang-1001.0.46.3)
Target: x86_64-apple-darwin18.5.0
Thread model: posix
InstalledDir: /Applications/Xcode.app/Contents/Developer/Toolchains/XcodeDefault.xctoolchain/usr/bin
clang: error: unsupported option '-fopenmp'
make[1]: *** [CMakeFiles/cmTC_3c231.dir/OpenMPTryFlag.c.o] Error 1
make: *** [cmTC_3c231/fast] Error 2


Detecting CXX OpenMP failed with the following output:
Change Dir: /Users/dmanc/Projects/anime-tiddies/build/CMakeFiles/CMakeTmp

Run Build Command:"/usr/bin/make" "cmTC_44d55/fast"
/Applications/Xcode.app/Contents/Developer/usr/bin/make -f CMakeFiles/cmTC_44d55.dir/build.make CMakeFiles/cmTC_44d55.dir/build
Building CXX object CMakeFiles/cmTC_44d55.dir/OpenMPTryFlag.cpp.o
/Applications/Xcode.app/Contents/Developer/Toolchains/XcodeDefault.xctoolchain/usr/bin/c++    --std=c++14 -g -fopenmp=libomp -v -isysroot /Applications/Xcode.app/Contents/Developer/Platforms/MacOSX.platform/Developer/SDKs/MacOSX10.14.sdk   -o CMakeFiles/cmTC_44d55.dir/OpenMPTryFlag.cpp.o -c /Users/dmanc/Projects/anime-tiddies/build/CMakeFiles/FindOpenMP/OpenMPTryFlag.cpp
Apple LLVM version 10.0.1 (clang-1001.0.46.3)
Target: x86_64-apple-darwin18.5.0
Thread model: posix
InstalledDir: /Applications/Xcode.app/Contents/Developer/Toolchains/XcodeDefault.xctoolchain/usr/bin
clang: error: unsupported argument 'libomp' to option 'fopenmp='
make[1]: *** [CMakeFiles/cmTC_44d55.dir/OpenMPTryFlag.cpp.o] Error 1
make: *** [cmTC_44d55/fast] Error 2


Detecting CXX OpenMP failed with the following output:
Change Dir: /Users/dmanc/Projects/anime-tiddies/build/CMakeFiles/CMakeTmp

Run Build Command:"/usr/bin/make" "cmTC_b3529/fast"
/Applications/Xcode.app/Contents/Developer/usr/bin/make -f CMakeFiles/cmTC_b3529.dir/build.make CMakeFiles/cmTC_b3529.dir/build
Building CXX object CMakeFiles/cmTC_b3529.dir/OpenMPTryFlag.cpp.o
/Applications/Xcode.app/Contents/Developer/Toolchains/XcodeDefault.xctoolchain/usr/bin/c++    --std=c++14 -g -fopenmp=libiomp5 -v -isysroot /Applications/Xcode.app/Contents/Developer/Platforms/MacOSX.platform/Developer/SDKs/MacOSX10.14.sdk   -o CMakeFiles/cmTC_b3529.dir/OpenMPTryFlag.cpp.o -c /Users/dmanc/Projects/anime-tiddies/build/CMakeFiles/FindOpenMP/OpenMPTryFlag.cpp
Apple LLVM version 10.0.1 (clang-1001.0.46.3)
Target: x86_64-apple-darwin18.5.0
Thread model: posix
InstalledDir: /Applications/Xcode.app/Contents/Developer/Toolchains/XcodeDefault.xctoolchain/usr/bin
clang: error: unsupported argument 'libiomp5' to option 'fopenmp='
make[1]: *** [CMakeFiles/cmTC_b3529.dir/OpenMPTryFlag.cpp.o] Error 1
make: *** [cmTC_b3529/fast] Error 2


Detecting CXX OpenMP failed with the following output:
Change Dir: /Users/dmanc/Projects/anime-tiddies/build/CMakeFiles/CMakeTmp

Run Build Command:"/usr/bin/make" "cmTC_8dd94/fast"
/Applications/Xcode.app/Contents/Developer/usr/bin/make -f CMakeFiles/cmTC_8dd94.dir/build.make CMakeFiles/cmTC_8dd94.dir/build
Building CXX object CMakeFiles/cmTC_8dd94.dir/OpenMPTryFlag.cpp.o
/Applications/Xcode.app/Contents/Developer/Toolchains/XcodeDefault.xctoolchain/usr/bin/c++    --std=c++14 -g -fopenmp -v -isysroot /Applications/Xcode.app/Contents/Developer/Platforms/MacOSX.platform/Developer/SDKs/MacOSX10.14.sdk   -o CMakeFiles/cmTC_8dd94.dir/OpenMPTryFlag.cpp.o -c /Users/dmanc/Projects/anime-tiddies/build/CMakeFiles/FindOpenMP/OpenMPTryFlag.cpp
Apple LLVM version 10.0.1 (clang-1001.0.46.3)
Target: x86_64-apple-darwin18.5.0
Thread model: posix
InstalledDir: /Applications/Xcode.app/Contents/Developer/Toolchains/XcodeDefault.xctoolchain/usr/bin
clang: error: unsupported option '-fopenmp'
make[1]: *** [CMakeFiles/cmTC_8dd94.dir/OpenMPTryFlag.cpp.o] Error 1
make: *** [cmTC_8dd94/fast] Error 2


Detecting C OpenMP failed with the following output:
Change Dir: /Users/dmanc/Projects/our-craft/build/CMakeFiles/CMakeTmp

Run Build Command:"/usr/bin/make" "cmTC_b4329/fast"
/Applications/Xcode.app/Contents/Developer/usr/bin/make -f CMakeFiles/cmTC_b4329.dir/build.make CMakeFiles/cmTC_b4329.dir/build
Building C object CMakeFiles/cmTC_b4329.dir/OpenMPTryFlag.c.o
/Applications/Xcode.app/Contents/Developer/Toolchains/XcodeDefault.xctoolchain/usr/bin/cc   -fopenmp=libomp -v -isysroot /Applications/Xcode.app/Contents/Developer/Platforms/MacOSX.platform/Developer/SDKs/MacOSX10.14.sdk   -o CMakeFiles/cmTC_b4329.dir/OpenMPTryFlag.c.o   -c /Users/dmanc/Projects/our-craft/build/CMakeFiles/FindOpenMP/OpenMPTryFlag.c
Apple LLVM version 10.0.1 (clang-1001.0.46.3)
Target: x86_64-apple-darwin18.5.0
Thread model: posix
InstalledDir: /Applications/Xcode.app/Contents/Developer/Toolchains/XcodeDefault.xctoolchain/usr/bin
clang: error: unsupported argument 'libomp' to option 'fopenmp='
make[1]: *** [CMakeFiles/cmTC_b4329.dir/OpenMPTryFlag.c.o] Error 1
make: *** [cmTC_b4329/fast] Error 2


Detecting C OpenMP failed with the following output:
Change Dir: /Users/dmanc/Projects/our-craft/build/CMakeFiles/CMakeTmp

Run Build Command:"/usr/bin/make" "cmTC_4e4f3/fast"
/Applications/Xcode.app/Contents/Developer/usr/bin/make -f CMakeFiles/cmTC_4e4f3.dir/build.make CMakeFiles/cmTC_4e4f3.dir/build
Building C object CMakeFiles/cmTC_4e4f3.dir/OpenMPTryFlag.c.o
/Applications/Xcode.app/Contents/Developer/Toolchains/XcodeDefault.xctoolchain/usr/bin/cc   -fopenmp=libiomp5 -v -isysroot /Applications/Xcode.app/Contents/Developer/Platforms/MacOSX.platform/Developer/SDKs/MacOSX10.14.sdk   -o CMakeFiles/cmTC_4e4f3.dir/OpenMPTryFlag.c.o   -c /Users/dmanc/Projects/our-craft/build/CMakeFiles/FindOpenMP/OpenMPTryFlag.c
Apple LLVM version 10.0.1 (clang-1001.0.46.3)
Target: x86_64-apple-darwin18.5.0
Thread model: posix
InstalledDir: /Applications/Xcode.app/Contents/Developer/Toolchains/XcodeDefault.xctoolchain/usr/bin
clang: error: unsupported argument 'libiomp5' to option 'fopenmp='
make[1]: *** [CMakeFiles/cmTC_4e4f3.dir/OpenMPTryFlag.c.o] Error 1
make: *** [cmTC_4e4f3/fast] Error 2


Detecting C OpenMP failed with the following output:
Change Dir: /Users/dmanc/Projects/our-craft/build/CMakeFiles/CMakeTmp

Run Build Command:"/usr/bin/make" "cmTC_735fa/fast"
/Applications/Xcode.app/Contents/Developer/usr/bin/make -f CMakeFiles/cmTC_735fa.dir/build.make CMakeFiles/cmTC_735fa.dir/build
Building C object CMakeFiles/cmTC_735fa.dir/OpenMPTryFlag.c.o
/Applications/Xcode.app/Contents/Developer/Toolchains/XcodeDefault.xctoolchain/usr/bin/cc   -fopenmp -v -isysroot /Applications/Xcode.app/Contents/Developer/Platforms/MacOSX.platform/Developer/SDKs/MacOSX10.14.sdk   -o CMakeFiles/cmTC_735fa.dir/OpenMPTryFlag.c.o   -c /Users/dmanc/Projects/our-craft/build/CMakeFiles/FindOpenMP/OpenMPTryFlag.c
Apple LLVM version 10.0.1 (clang-1001.0.46.3)
Target: x86_64-apple-darwin18.5.0
Thread model: posix
InstalledDir: /Applications/Xcode.app/Contents/Developer/Toolchains/XcodeDefault.xctoolchain/usr/bin
clang: error: unsupported option '-fopenmp'
make[1]: *** [CMakeFiles/cmTC_735fa.dir/OpenMPTryFlag.c.o] Error 1
make: *** [cmTC_735fa/fast] Error 2


Detecting CXX OpenMP failed with the following output:
Change Dir: /Users/dmanc/Projects/our-craft/build/CMakeFiles/CMakeTmp

Run Build Command:"/usr/bin/make" "cmTC_2ccf9/fast"
/Applications/Xcode.app/Contents/Developer/usr/bin/make -f CMakeFiles/cmTC_2ccf9.dir/build.make CMakeFiles/cmTC_2ccf9.dir/build
Building CXX object CMakeFiles/cmTC_2ccf9.dir/OpenMPTryFlag.cpp.o
/Applications/Xcode.app/Contents/Developer/Toolchains/XcodeDefault.xctoolchain/usr/bin/c++    --std=c++14 -g -fopenmp=libomp -v -isysroot /Applications/Xcode.app/Contents/Developer/Platforms/MacOSX.platform/Developer/SDKs/MacOSX10.14.sdk   -o CMakeFiles/cmTC_2ccf9.dir/OpenMPTryFlag.cpp.o -c /Users/dmanc/Projects/our-craft/build/CMakeFiles/FindOpenMP/OpenMPTryFlag.cpp
Apple LLVM version 10.0.1 (clang-1001.0.46.3)
Target: x86_64-apple-darwin18.5.0
Thread model: posix
InstalledDir: /Applications/Xcode.app/Contents/Developer/Toolchains/XcodeDefault.xctoolchain/usr/bin
clang: error: unsupported argument 'libomp' to option 'fopenmp='
make[1]: *** [CMakeFiles/cmTC_2ccf9.dir/OpenMPTryFlag.cpp.o] Error 1
make: *** [cmTC_2ccf9/fast] Error 2


Detecting CXX OpenMP failed with the following output:
Change Dir: /Users/dmanc/Projects/our-craft/build/CMakeFiles/CMakeTmp

Run Build Command:"/usr/bin/make" "cmTC_0f58c/fast"
/Applications/Xcode.app/Contents/Developer/usr/bin/make -f CMakeFiles/cmTC_0f58c.dir/build.make CMakeFiles/cmTC_0f58c.dir/build
Building CXX object CMakeFiles/cmTC_0f58c.dir/OpenMPTryFlag.cpp.o
/Applications/Xcode.app/Contents/Developer/Toolchains/XcodeDefault.xctoolchain/usr/bin/c++    --std=c++14 -g -fopenmp=libiomp5 -v -isysroot /Applications/Xcode.app/Contents/Developer/Platforms/MacOSX.platform/Developer/SDKs/MacOSX10.14.sdk   -o CMakeFiles/cmTC_0f58c.dir/OpenMPTryFlag.cpp.o -c /Users/dmanc/Projects/our-craft/build/CMakeFiles/FindOpenMP/OpenMPTryFlag.cpp
Apple LLVM version 10.0.1 (clang-1001.0.46.3)
Target: x86_64-apple-darwin18.5.0
Thread model: posix
InstalledDir: /Applications/Xcode.app/Contents/Developer/Toolchains/XcodeDefault.xctoolchain/usr/bin
clang: error: unsupported argument 'libiomp5' to option 'fopenmp='
make[1]: *** [CMakeFiles/cmTC_0f58c.dir/OpenMPTryFlag.cpp.o] Error 1
make: *** [cmTC_0f58c/fast] Error 2


Detecting CXX OpenMP failed with the following output:
Change Dir: /Users/dmanc/Projects/our-craft/build/CMakeFiles/CMakeTmp

Run Build Command:"/usr/bin/make" "cmTC_d49b9/fast"
/Applications/Xcode.app/Contents/Developer/usr/bin/make -f CMakeFiles/cmTC_d49b9.dir/build.make CMakeFiles/cmTC_d49b9.dir/build
Building CXX object CMakeFiles/cmTC_d49b9.dir/OpenMPTryFlag.cpp.o
/Applications/Xcode.app/Contents/Developer/Toolchains/XcodeDefault.xctoolchain/usr/bin/c++    --std=c++14 -g -fopenmp -v -isysroot /Applications/Xcode.app/Contents/Developer/Platforms/MacOSX.platform/Developer/SDKs/MacOSX10.14.sdk   -o CMakeFiles/cmTC_d49b9.dir/OpenMPTryFlag.cpp.o -c /Users/dmanc/Projects/our-craft/build/CMakeFiles/FindOpenMP/OpenMPTryFlag.cpp
Apple LLVM version 10.0.1 (clang-1001.0.46.3)
Target: x86_64-apple-darwin18.5.0
Thread model: posix
InstalledDir: /Applications/Xcode.app/Contents/Developer/Toolchains/XcodeDefault.xctoolchain/usr/bin
clang: error: unsupported option '-fopenmp'
make[1]: *** [CMakeFiles/cmTC_d49b9.dir/OpenMPTryFlag.cpp.o] Error 1
make: *** [cmTC_d49b9/fast] Error 2


